<?xml version="1.0" encoding="UTF-8"?>
<!-- Generated by org.testng.reporters.JUnitReportReporter -->
<testsuite skipped="0" hostname="Zias-MacBook-Air-2.local" name="com.app.tests.Github" tests="1" failures="0" timestamp="15 Mar 2018 02:09:18 GMT" time="10.934" errors="0">
  <testcase name="getAllLinks" time="10.934" classname="com.app.tests.Github"/>
</testsuite> <!-- com.app.tests.Github -->
