<?xml version="1.0" encoding="UTF-8"?>
<!-- Generated by org.testng.reporters.JUnitReportReporter -->
<testsuite skipped="0" hostname="Zias-MacBook-Air-2.local" name="com.app.tests.AWSCalculatorTests" tests="3" failures="0" timestamp="15 Mar 2018 01:23:06 GMT" time="7.759" errors="0">
  <testcase name="defaultMonthlyBillTest" time="1.131" classname="com.app.tests.AWSCalculatorTests"/>
  <testcase name="addedEc2DefaultValuesTest" time="1.259" classname="com.app.tests.AWSCalculatorTests"/>
  <testcase name="clearFormTest" time="5.369" classname="com.app.tests.AWSCalculatorTests"/>
</testsuite> <!-- com.app.tests.AWSCalculatorTests -->
